<?xml version="1.0" encoding="UTF-8"?>
<testng-results skipped="0" failed="0" ignored="0" total="0" passed="0">
  <reporter-output>
  </reporter-output>
  <suite name="Command line suite" duration-ms="14" started-at="2023-07-18T14:23:12 WAT" finished-at="2023-07-18T14:23:12 WAT">
    <groups>
    </groups>
    <test name="Command line test" duration-ms="14" started-at="2023-07-18T14:23:12 WAT" finished-at="2023-07-18T14:23:12 WAT">
    </test> <!-- Command line test -->
  </suite> <!-- Command line suite -->
</testng-results>
